<?xml version="1.0" encoding="UTF-8"?>
<testsuite name="Verify that the reservation code is six digits" tests="1" skipped="0" failures="0" errors="0" timestamp="2021-01-04T21:17:31" hostname="CHMEPPF1BN7QQ" time="24.481">
  <properties/>
  <testcase name="Verify that the reservation code is six digits successful" classname="Verify that the reservation code is six digits" time="24.481"/>
  <system-out><![CDATA[]]></system-out>
  <system-err><![CDATA[[Test worker] WARN net.thucydides.core.steps.BaseStepListener - stepStarted: net.thucydides.core.steps.ExecutedStepDescription@61bf502f
[Test worker] WARN net.thucydides.core.steps.BaseStepListener - stepStarted: net.thucydides.core.steps.ExecutedStepDescription@2096d9c6
[Test worker] WARN net.thucydides.core.steps.BaseStepListener - stepStarted: net.thucydides.core.steps.ExecutedStepDescription@2e752171
ene 04, 2021 4:17:32 PM org.openqa.selenium.remote.DesiredCapabilities chrome
INFORMACIÓN: Using `new ChromeOptions()` is preferred to `DesiredCapabilities.chrome()`
[Test worker] INFO net.serenitybdd.core.webdriver.driverproviders.ProvideNewDriver - Instantiating driver
[Test worker] INFO net.serenitybdd.core.webdriver.driverproviders.ProvideNewDriver - Driver capabilities: Capabilities {acceptInsecureCerts: false, browserName: chrome, chrome.switches: --start-maximized, goog:chromeOptions: {args: [--start-maximized], extensions: []}, loggingPrefs: org.openqa.selenium.logging..., platform: ANY, version: }
Starting ChromeDriver 87.0.4280.88 (89e2380a3e36c3464b5dd1302349b1382549290d-refs/branch-heads/4280@{#1761}) on port 10207
Only local connections are allowed.
Please see https://chromedriver.chromium.org/security-considerations for suggestions on keeping ChromeDriver safe.
ChromeDriver was started successfully.
ene 04, 2021 4:17:41 PM org.openqa.selenium.remote.ProtocolHandshake createSession
INFORMACIÓN: Detected dialect: W3C
[Test worker] WARN net.thucydides.core.steps.BaseStepListener - stepFinished: current outcome:Verify that the reservation code is six digits successful:Given the user is in the home page of latamairlines [The user open up [the user opens the Init page]]
[Test worker] WARN net.thucydides.core.steps.BaseStepListener - stepStarted: net.thucydides.core.steps.ExecutedStepDescription@2be466e9
[Test worker] WARN net.thucydides.core.steps.BaseStepListener - stepFinished: current outcome:Verify that the reservation code is six digits successful:Given the user is in the home page of latamairlines [The user open up [the user opens the Init page, the user clicks on Button to go to my travels]]
[Test worker] WARN net.thucydides.core.steps.BaseStepListener - stepFinished: current outcome:Verify that the reservation code is six digits successful:Given the user is in the home page of latamairlines [The user open up [the user opens the Init page, the user clicks on Button to go to my travels]]
[Test worker] WARN net.thucydides.core.steps.BaseStepListener - stepFinished: current outcome:Verify that the reservation code is six digits successful:Given the user is in the home page of latamairlines [The user open up [the user opens the Init page, the user clicks on Button to go to my travels]]
[Test worker] WARN net.thucydides.core.steps.BaseStepListener - stepStarted: net.thucydides.core.steps.ExecutedStepDescription@42b3396
[Test worker] WARN net.thucydides.core.steps.BaseStepListener - stepStarted: net.thucydides.core.steps.ExecutedStepDescription@59891b32
[Test worker] WARN net.thucydides.core.steps.BaseStepListener - stepStarted: net.thucydides.core.steps.ExecutedStepDescription@1f70386
[Test worker] WARN net.thucydides.core.steps.BaseStepListener - stepFinished: current outcome:Verify that the reservation code is six digits successful:Given the user is in the home page of latamairlines [The user open up [the user opens the Init page, the user clicks on Button to go to my travels]], When he complete all the steps to see the code [The user fill [the user clicks on Button to go to the search by order]]
[Test worker] WARN net.thucydides.core.steps.BaseStepListener - stepStarted: net.thucydides.core.steps.ExecutedStepDescription@37059ab1
[Test worker] WARN net.thucydides.core.steps.BaseStepListener - stepFinished: current outcome:Verify that the reservation code is six digits successful:Given the user is in the home page of latamairlines [The user open up [the user opens the Init page, the user clicks on Button to go to my travels]], When he complete all the steps to see the code [The user fill [the user clicks on Button to go to the search by order, the user clicks on Button to go to the help of search by order]]
[Test worker] WARN net.thucydides.core.steps.BaseStepListener - stepFinished: current outcome:Verify that the reservation code is six digits successful:Given the user is in the home page of latamairlines [The user open up [the user opens the Init page, the user clicks on Button to go to my travels]], When he complete all the steps to see the code [The user fill [the user clicks on Button to go to the search by order, the user clicks on Button to go to the help of search by order]]
[Test worker] WARN net.thucydides.core.steps.BaseStepListener - stepFinished: current outcome:Verify that the reservation code is six digits successful:Given the user is in the home page of latamairlines [The user open up [the user opens the Init page, the user clicks on Button to go to my travels]], When he complete all the steps to see the code [The user fill [the user clicks on Button to go to the search by order, the user clicks on Button to go to the help of search by order]]
[Test worker] WARN net.thucydides.core.steps.BaseStepListener - stepStarted: net.thucydides.core.steps.ExecutedStepDescription@6976bcca
[Test worker] WARN net.thucydides.core.steps.BaseStepListener - stepStarted: net.thucydides.core.steps.ExecutedStepDescription@77a6645b
[Test worker] WARN net.thucydides.core.steps.BaseStepListener - stepFinished: current outcome:Verify that the reservation code is six digits successful:Given the user is in the home page of latamairlines [The user open up [the user opens the Init page, the user clicks on Button to go to my travels]], When he complete all the steps to see the code [The user fill [the user clicks on Button to go to the search by order, the user clicks on Button to go to the help of search by order]], Then he confirm that the code is of six digits [Then answer]
[Test worker] WARN net.thucydides.core.steps.BaseStepListener - stepFinished: current outcome:Verify that the reservation code is six digits successful:Given the user is in the home page of latamairlines [The user open up [the user opens the Init page, the user clicks on Button to go to my travels]], When he complete all the steps to see the code [The user fill [the user clicks on Button to go to the search by order, the user clicks on Button to go to the help of search by order]], Then he confirm that the code is of six digits [Then answer]
[Test worker] WARN net.thucydides.core.steps.BaseStepListener - testFinished: Verify that the reservation code is six digits successful:Given the user is in the home page of latamairlines [The user open up [the user opens the Init page, the user clicks on Button to go to my travels]], When he complete all the steps to see the code [The user fill [the user clicks on Button to go to the search by order, the user clicks on Button to go to the help of search by order]], Then he confirm that the code is of six digits [Then answer]
[Test worker] WARN net.thucydides.core.steps.BaseStepListener - TestOutcomes: [Verify that the reservation code is six digits successful:Given the user is in the home page of latamairlines [The user open up [the user opens the Init page, the user clicks on Button to go to my travels]], When he complete all the steps to see the code [The user fill [the user clicks on Button to go to the search by order, the user clicks on Button to go to the help of search by order]], Then he confirm that the code is of six digits [Then answer]]
[Test worker] WARN net.thucydides.core.steps.BaseStepListener - Final testOutcomes: [Verify that the reservation code is six digits successful:Given the user is in the home page of latamairlines [The user open up [the user opens the Init page, the user clicks on Button to go to my travels]], When he complete all the steps to see the code [The user fill [the user clicks on Button to go to the search by order, the user clicks on Button to go to the help of search by order]], Then he confirm that the code is of six digits [Then answer]]
[Test worker] INFO net.thucydides.core.steps.ConsoleLoggingListener - 
        __    _____ _____ ____ _____   ____   _    ____  ____  _____ ____  
  _     \ \  |_   _| ____/ ___|_   _| |  _ \ / \  / ___|/ ___|| ____|  _ \ 
 (_)_____| |   | | |  _| \___ \ | |   | |_) / _ \ \___ \\___ \|  _| | | | |
  _|_____| |   | | | |___ ___) || |   |  __/ ___ \ ___) |___) | |___| |_| |
 (_)     | |   |_| |_____|____/ |_|   |_| /_/   \_\____/|____/|_____|____/ 
        /_/                                                                

TEST PASSED: Verify that the reservation code is six digits successful
----------------------------------------------------------------------------
]]></system-err>
</testsuite>
